<?xml version="1.0" encoding="UTF-8"?>
<!-- Generated by org.testng.reporters.JUnitReportReporter -->
<testsuite hostname="LTIN194564" failures="0" tests="8" name="testcase.case1" time="140.391" errors="0" timestamp="2024-03-07T15:07:49 IST" skipped="0">
  <testcase classname="testcase.case1" name="test" time="25.080"/>
  <system-out/>
  <testcase classname="testcase.case1" name="test1" time="4.373"/>
  <system-out/>
  <testcase classname="testcase.case1" name="test2" time="8.652"/>
  <system-out/>
  <testcase classname="testcase.case1" name="test3" time="7.525"/>
  <system-out/>
  <testcase classname="testcase.case1" name="test4" time="0.238"/>
  <system-out/>
  <testcase classname="testcase.case1" name="test5" time="1.731"/>
  <system-out/>
  <testcase classname="testcase.case1" name="test6" time="68.424"/>
  <system-out/>
  <testcase classname="testcase.case1" name="test7" time="24.368"/>
  <system-out/>
</testsuite> <!-- testcase.case1 -->
