<?xml version="1.0" encoding="UTF-8"?>
<!-- Generated by org.testng.reporters.JUnitReportReporter -->
<testsuite hostname="LTIN194564" failures="0" tests="10" name="testcase.case2" time="29.494" errors="0" timestamp="2024-03-07T15:07:49 IST" skipped="0">
  <testcase classname="testcase.case2" name="test" time="12.261"/>
  <system-out/>
  <testcase classname="testcase.case2" name="test1" time="9.035"/>
  <system-out/>
  <testcase classname="testcase.case2" name="test2" time="0.599"/>
  <system-out/>
  <testcase classname="testcase.case2" name="test3" time="0.174"/>
  <system-out/>
  <testcase classname="testcase.case2" name="test4" time="0.345"/>
  <system-out/>
  <testcase classname="testcase.case2" name="test5" time="0.386"/>
  <system-out/>
  <testcase classname="testcase.case2" name="test6" time="0.749"/>
  <system-out/>
  <testcase classname="testcase.case2" name="test7" time="0.233"/>
  <system-out/>
  <testcase classname="testcase.case2" name="test8" time="0.505"/>
  <system-out/>
  <testcase classname="testcase.case2" name="test9" time="5.207"/>
  <system-out/>
</testsuite> <!-- testcase.case2 -->
