<?xml version="1.0" encoding="UTF-8"?>
<!-- Generated by org.testng.reporters.JUnitReportReporter -->
<testsuite hostname="LTIN194564" failures="0" tests="2" name="testcase.case3" time="3.357" errors="0" timestamp="2024-03-07T15:07:49 IST" skipped="0">
  <testcase classname="testcase.case3" name="test1" time="2.163"/>
  <system-out/>
  <testcase classname="testcase.case3" name="test2" time="1.194"/>
  <system-out/>
</testsuite> <!-- testcase.case3 -->
